<?xml version="1.0" encoding="UTF-8"?>
<!-- Generated by org.testng.reporters.JUnitReportReporter -->
<testsuite hostname="DESKTOP-S6USBN9" failures="0" tests="4" name="mytest.AutomationScriptOrangeHRM" time="46.594" errors="0" timestamp="2025-03-22T03:08:30 IST" skipped="0">
  <testcase classname="mytest.AutomationScriptOrangeHRM" name="verifyLogin" time="5.048"/>
  <system-out/>
  <testcase classname="mytest.AutomationScriptOrangeHRM" name="addEmployee" time="15.511"/>
  <system-out/>
  <testcase classname="mytest.AutomationScriptOrangeHRM" name="searchEmployee" time="18.940"/>
  <system-out/>
  <testcase classname="mytest.AutomationScriptOrangeHRM" name="logout" time="7.095"/>
  <system-out/>
</testsuite> <!-- mytest.AutomationScriptOrangeHRM -->
