<?xml version="1.0" encoding="UTF-8"?>
<!-- Generated by org.testng.reporters.JUnitReportReporter -->
<testsuite hostname="DESKTOP-S6USBN9" failures="0" tests="4" name="mytest.AutomationScriptOrangeHRM" time="49.836" errors="0" timestamp="2025-03-20T17:40:23 IST" skipped="0">
  <testcase classname="mytest.AutomationScriptOrangeHRM" name="verifyLogin" time="6.008"/>
  <system-out/>
  <testcase classname="mytest.AutomationScriptOrangeHRM" name="addEmployee" time="16.294"/>
  <system-out/>
  <testcase classname="mytest.AutomationScriptOrangeHRM" name="searchEmployee" time="19.586"/>
  <system-out/>
  <testcase classname="mytest.AutomationScriptOrangeHRM" name="logout" time="7.948"/>
  <system-out/>
</testsuite> <!-- mytest.AutomationScriptOrangeHRM -->
