<?xml version="1.0" encoding="UTF-8"?>
<!-- Generated by org.testng.reporters.JUnitReportReporter -->
<testsuite hostname="DESKTOP-S6USBN9" failures="0" tests="5" name="my.TestSauceDemo" time="61.261" errors="0" timestamp="2024-11-22T14:11:20 IST" skipped="0">
  <testcase classname="my.TestSauceDemo" name="loginTest" time="12.051"/>
  <system-out/>
  <testcase classname="my.TestSauceDemo" name="applyFilterLowToHigh" time="6.217"/>
  <system-out/>
  <testcase classname="my.TestSauceDemo" name="selectProductAndAddToCart" time="9.916"/>
  <system-out/>
  <testcase classname="my.TestSauceDemo" name="proceedToCheckout" time="24.749"/>
  <system-out/>
  <testcase classname="my.TestSauceDemo" name="logout" time="8.328"/>
  <system-out/>
</testsuite> <!-- my.TestSauceDemo -->
