<?xml version="1.0" encoding="UTF-8"?>
<!-- Generated by org.testng.reporters.JUnitReportReporter -->
<testsuite hostname="DESKTOP-S6USBN9" failures="0" tests="5" name="mytest2.AutomationScriptSauceDemo" time="92.709" errors="0" timestamp="2025-03-22T02:59:56 IST" skipped="0">
  <testcase classname="mytest2.AutomationScriptSauceDemo" name="testLogin" time="10.705"/>
  <system-out/>
  <testcase classname="mytest2.AutomationScriptSauceDemo" name="testSortProducts" time="6.335"/>
  <system-out/>
  <testcase classname="mytest2.AutomationScriptSauceDemo" name="testAddToCart" time="37.163"/>
  <system-out/>
  <testcase classname="mytest2.AutomationScriptSauceDemo" name="testCheckout" time="32.052"/>
  <system-out/>
  <testcase classname="mytest2.AutomationScriptSauceDemo" name="testLogout" time="6.454"/>
  <system-out/>
</testsuite> <!-- mytest2.AutomationScriptSauceDemo -->
