<?xml version="1.0" encoding="UTF-8"?>
<!-- Generated by org.testng.reporters.JUnitReportReporter -->
<testsuite hostname="DESKTOP-S6USBN9" failures="0" tests="4" name="mytest.AutomationScript" time="43.710" errors="0" timestamp="2024-10-30T15:21:26 IST" skipped="0">
  <testcase classname="mytest.AutomationScript" name="verifyLogin" time="4.738"/>
  <system-out/>
  <testcase classname="mytest.AutomationScript" name="addEmployee" time="15.135"/>
  <system-out/>
  <testcase classname="mytest.AutomationScript" name="searchEmployee" time="16.839"/>
  <system-out/>
  <testcase classname="mytest.AutomationScript" name="logout" time="6.998"/>
  <system-out/>
</testsuite> <!-- mytest.AutomationScript -->
