<?xml version="1.0" encoding="UTF-8"?>
<!-- Generated by org.testng.reporters.JUnitReportReporter -->
<testsuite hostname="DESKTOP-S6USBN9" failures="0" tests="4" name="mytest.Program1" time="40.752" errors="0" timestamp="2024-10-30T14:47:10 IST" skipped="0">
  <testcase classname="mytest.Program1" name="verifyLogin" time="6.331"/>
  <system-out/>
  <testcase classname="mytest.Program1" name="addEmployee" time="13.455"/>
  <system-out/>
  <testcase classname="mytest.Program1" name="searchEmployee" time="13.594"/>
  <system-out/>
  <testcase classname="mytest.Program1" name="logout" time="7.372"/>
  <system-out/>
</testsuite> <!-- mytest.Program1 -->
