<?xml version="1.0" encoding="UTF-8"?>
<!-- Generated by org.testng.reporters.JUnitReportReporter -->
<testsuite hostname="DESKTOP-S6USBN9" failures="0" tests="5" name="mytest2.AutomationScriptSauceDemo" time="93.089" errors="0" timestamp="2025-03-20T17:49:36 IST" skipped="0">
  <testcase classname="mytest2.AutomationScriptSauceDemo" name="testLogin" time="11.477"/>
  <system-out/>
  <testcase classname="mytest2.AutomationScriptSauceDemo" name="testSortProducts" time="6.283"/>
  <system-out/>
  <testcase classname="mytest2.AutomationScriptSauceDemo" name="testAddToCart" time="37.247"/>
  <system-out/>
  <testcase classname="mytest2.AutomationScriptSauceDemo" name="testCheckout" time="31.593"/>
  <system-out/>
  <testcase classname="mytest2.AutomationScriptSauceDemo" name="testLogout" time="6.489"/>
  <system-out/>
</testsuite> <!-- mytest2.AutomationScriptSauceDemo -->
